<?xml version="1.0" encoding="UTF-8"?>
<testng-results ignored="0" total="1" passed="1" failed="0" skipped="0">
  <reporter-output>
  </reporter-output>
  <suite started-at="2024-08-16T15:49:55 IST" name="Suite" finished-at="2024-08-16T15:50:06 IST" duration-ms="11057">
    <groups>
    </groups>
    <test started-at="2024-08-16T15:49:55 IST" name="Test" finished-at="2024-08-16T15:50:06 IST" duration-ms="11057">
      <class name="testCase.TC_001AccountRegistrationTC">
        <test-method is-config="true" signature="setUp(java.lang.String,java.lang.String)[pri:0, instance:testCase.TC_001AccountRegistrationTC@33065d67]" started-at="2024-08-16T15:49:55 IST" name="setUp" finished-at="2024-08-16T15:50:00 IST" duration-ms="5013" status="PASS">
          <params>
            <param index="0">
              <value>
                <![CDATA[Windows]]>
              </value>
            </param>
            <param index="1">
              <value>
                <![CDATA[chrome]]>
              </value>
            </param>
          </params>
          <reporter-output>
          </reporter-output>
        </test-method> <!-- setUp -->
        <test-method signature="verify_Account_Registration()[pri:0, instance:testCase.TC_001AccountRegistrationTC@33065d67]" started-at="2024-08-16T15:50:00 IST" name="verify_Account_Registration" finished-at="2024-08-16T15:50:06 IST" duration-ms="5770" status="PASS">
          <reporter-output>
          </reporter-output>
        </test-method> <!-- verify_Account_Registration -->
        <test-method is-config="true" signature="tearDown()[pri:0, instance:testCase.TC_001AccountRegistrationTC@33065d67]" started-at="2024-08-16T15:50:06 IST" name="tearDown" finished-at="2024-08-16T15:50:06 IST" duration-ms="217" status="PASS">
          <reporter-output>
          </reporter-output>
        </test-method> <!-- tearDown -->
      </class> <!-- testCase.TC_001AccountRegistrationTC -->
    </test> <!-- Test -->
  </suite> <!-- Suite -->
</testng-results>
